\BOOKMARK [0][-]{Doc-Start}{Acknowledgments}{}% 1
\BOOKMARK [0][-]{chapter*.1}{Abstract}{}% 2
\BOOKMARK [0][-]{chapter.1}{Introduction}{}% 3
\BOOKMARK [1][-]{section.1.1}{Project description}{chapter.1}% 4
\BOOKMARK [1][-]{section.1.2}{Project goal}{chapter.1}% 5
\BOOKMARK [0][-]{chapter.2}{Research}{}% 6
\BOOKMARK [1][-]{section.2.1}{Inspiration}{chapter.2}% 7
\BOOKMARK [1][-]{section.2.2}{Related work}{chapter.2}% 8
\BOOKMARK [2][-]{subsection.2.2.1}{Games}{section.2.2}% 9
\BOOKMARK [2][-]{subsection.2.2.2}{Frameworks}{section.2.2}% 10
\BOOKMARK [2][-]{subsection.2.2.3}{Literature}{section.2.2}% 11
\BOOKMARK [0][-]{chapter.3}{Development}{}% 12
\BOOKMARK [1][-]{section.3.1}{Concept}{chapter.3}% 13
\BOOKMARK [1][-]{section.3.2}{Final structure}{chapter.3}% 14
\BOOKMARK [1][-]{section.3.3}{Stepping stones}{chapter.3}% 15
\BOOKMARK [0][-]{chapter.4}{Accessibility and user perception}{}% 16
\BOOKMARK [1][-]{section.4.1}{Study procedure}{chapter.4}% 17
\BOOKMARK [1][-]{section.4.2}{First user study}{chapter.4}% 18
\BOOKMARK [1][-]{section.4.3}{Second user study}{chapter.4}% 19
\BOOKMARK [0][-]{chapter.5}{Closing words}{}% 20
\BOOKMARK [1][-]{section.5.1}{Outlook and possible future work}{chapter.5}% 21
\BOOKMARK [1][-]{section.5.2}{Conclusions from surveys}{chapter.5}% 22
\BOOKMARK [1][-]{section.5.3}{Project conclusion}{chapter.5}% 23
\BOOKMARK [2][-]{subsection.5.3.1}{Summary and accuracy to goal \(del\)}{section.5.3}% 24
\BOOKMARK [2][-]{subsection.5.3.2}{what else? \(del\)}{section.5.3}% 25
\BOOKMARK [0][-]{appendix.A}{Appendix}{}% 26
\BOOKMARK [1][-]{section.A.1}{User study documents}{appendix.A}% 27
\BOOKMARK [2][-]{subsection.A.1.1}{Orientation}{section.A.1}% 28
\BOOKMARK [2][-]{subsection.A.1.2}{Survey form}{section.A.1}% 29
\BOOKMARK [2][-]{subsection.A.1.3}{Tutorial}{section.A.1}% 30
\BOOKMARK [2][-]{subsection.A.1.4}{Documentation}{section.A.1}% 31
\BOOKMARK [1][-]{section.A.2}{Other \(?\)}{appendix.A}% 32
\BOOKMARK [0][-]{chapter*.43}{List of Figures}{}% 33
\BOOKMARK [0][-]{chapter*.44}{List of Tables}{}% 34
\BOOKMARK [0][-]{chapter*.45}{Bibliography}{}% 35
